<?xml version="1.0" encoding="UTF-8"?>
<!-- Generated by org.testng.reporters.JUnitReportReporter -->
<testsuite hostname="IBM-PF37M7ZG" failures="0" tests="3" name="test.DynamicJson" time="4.436" errors="0" timestamp="2024-12-09T12:05:06 IST" skipped="0">
  <testcase classname="test.DynamicJson" name="addBook" time="3.848"/>
  <testcase classname="test.DynamicJson" name="addBook" time="0.308"/>
  <testcase classname="test.DynamicJson" name="addBook" time="0.280"/>
</testsuite> <!-- test.DynamicJson -->
